20:01:52: Creating resource group General
20:01:52: Creating resource group Internal
20:01:52: Creating resource group Autodetect
20:01:52: SceneManagerFactory for type 'DefaultSceneManager' registered.
20:01:52: Registering ResourceManager for type Material
20:01:52: Registering ResourceManager for type Mesh
20:01:52: Registering ResourceManager for type Skeleton
20:01:52: MovableObjectFactory for type 'ParticleSystem' registered.
20:01:52: OverlayElementFactory for type Panel registered.
20:01:52: OverlayElementFactory for type BorderPanel registered.
20:01:52: OverlayElementFactory for type TextArea registered.
20:01:52: Registering ResourceManager for type Font
20:01:52: ArchiveFactory for archive type FileSystem registered.
20:01:52: ArchiveFactory for archive type Zip registered.
20:01:52: DDS codec registering
20:01:52: FreeImage version: 3.15.1
20:01:52: This program uses FreeImage, a free, open source image library supporting all common bitmap formats. See http://freeimage.sourceforge.net for details
20:01:52: Supported formats: bmp,ico,jpg,jif,jpeg,jpe,jng,koa,iff,lbm,mng,pbm,pbm,pcd,pcx,pgm,pgm,png,ppm,ppm,ras,tga,targa,tif,tiff,wap,wbmp,wbm,psd,cut,xbm,xpm,gif,hdr,g3,sgi,exr,j2k,j2c,jp2,pfm,pct,pict,pic,3fr,arw,bay,bmq,cap,cine,cr2,crw,cs1,dc2,dcr,drf,dsc,dng,erf,fff,ia,iiq,k25,kc2,kdc,mdc,mef,mos,mrw,nef,nrw,orf,pef,ptx,pxn,qtk,raf,raw,rdc,rw2,rwl,rwz,sr2,srf,sti
20:01:52: Registering ResourceManager for type HighLevelGpuProgram
20:01:52: Registering ResourceManager for type Compositor
20:01:52: MovableObjectFactory for type 'Entity' registered.
20:01:52: MovableObjectFactory for type 'Light' registered.
20:01:52: MovableObjectFactory for type 'BillboardSet' registered.
20:01:52: MovableObjectFactory for type 'ManualObject' registered.
20:01:52: MovableObjectFactory for type 'BillboardChain' registered.
20:01:52: MovableObjectFactory for type 'RibbonTrail' registered.
20:01:52: *-*-* OGRE Initialising
20:01:52: *-*-* Version 1.7.4 (Cthugha)
20:01:52: Loading library /usr/lib/x86_64-linux-gnu/OGRE-1.7.4/RenderSystem_GL
20:01:52: Installing plugin: GL RenderSystem
20:01:52: OpenGL Rendering Subsystem created.
20:01:52: Plugin successfully installed
20:01:52: Loading library /usr/lib/x86_64-linux-gnu/OGRE-1.7.4/Plugin_OctreeSceneManager
20:01:52: Installing plugin: Octree & Terrain Scene Manager
20:01:52: Plugin successfully installed
20:01:52: Loading library /usr/lib/x86_64-linux-gnu/OGRE-1.7.4/Plugin_ParticleFX
20:01:52: Installing plugin: ParticleFX
20:01:52: Particle Emitter Type 'Point' registered
20:01:52: Particle Emitter Type 'Box' registered
20:01:52: Particle Emitter Type 'Ellipsoid' registered
20:01:52: Particle Emitter Type 'Cylinder' registered
20:01:52: Particle Emitter Type 'Ring' registered
20:01:52: Particle Emitter Type 'HollowEllipsoid' registered
20:01:52: Particle Affector Type 'LinearForce' registered
20:01:52: Particle Affector Type 'ColourFader' registered
20:01:52: Particle Affector Type 'ColourFader2' registered
20:01:52: Particle Affector Type 'ColourImage' registered
20:01:52: Particle Affector Type 'ColourInterpolator' registered
20:01:52: Particle Affector Type 'Scaler' registered
20:01:52: Particle Affector Type 'Rotator' registered
20:01:52: Particle Affector Type 'DirectionRandomiser' registered
20:01:52: Particle Affector Type 'DeflectorPlane' registered
20:01:52: Plugin successfully installed
20:01:52: CPU Identifier & Features
20:01:52: -------------------------
20:01:52:  *   CPU ID: GenuineIntel: Intel(R) Core(TM) i7-4700MQ CPU @ 2.40GHz
20:01:52:  *      SSE: yes
20:01:52:  *     SSE2: yes
20:01:52:  *     SSE3: yes
20:01:52:  *      MMX: yes
20:01:52:  *   MMXEXT: yes
20:01:52:  *    3DNOW: no
20:01:52:  * 3DNOWEXT: no
20:01:52:  *     CMOV: yes
20:01:52:  *      TSC: yes
20:01:52:  *      FPU: yes
20:01:52:  *      PRO: yes
20:01:52:  *       HT: no
20:01:52: -------------------------
20:01:52: ******************************
*** Starting GLX Subsystem ***
******************************
20:01:52: GLRenderSystem::_createRenderWindow "OgreWindow(0)", 1x1 windowed  miscParams: externalGLControl= macAPI=carbon parentWindowHandle=54525953 
20:01:52: GLXWindow::create used FBConfigID = 111
20:01:52: GL_VERSION = 2.1 Mesa 9.1.4
20:01:52: GL_VENDOR = VMware, Inc.
20:01:52: GL_RENDERER = Gallium 0.4 on llvmpipe (LLVM 3.2, 128 bits)
20:01:52: GL_EXTENSIONS = GL_ARB_multisample GL_EXT_abgr GL_EXT_bgra GL_EXT_blend_color GL_EXT_blend_minmax GL_EXT_blend_subtract GL_EXT_copy_texture GL_EXT_polygon_offset GL_EXT_subtexture GL_EXT_texture_object GL_EXT_vertex_array GL_EXT_compiled_vertex_array GL_EXT_texture GL_EXT_texture3D GL_IBM_rasterpos_clip GL_ARB_point_parameters GL_EXT_draw_range_elements GL_EXT_packed_pixels GL_EXT_point_parameters GL_EXT_rescale_normal GL_EXT_separate_specular_color GL_EXT_texture_edge_clamp GL_SGIS_generate_mipmap GL_SGIS_texture_border_clamp GL_SGIS_texture_edge_clamp GL_SGIS_texture_lod GL_ARB_multitexture GL_IBM_multimode_draw_arrays GL_IBM_texture_mirrored_repeat GL_ARB_texture_cube_map GL_ARB_texture_env_add GL_ARB_transpose_matrix GL_EXT_blend_func_separate GL_EXT_fog_coord GL_EXT_multi_draw_arrays GL_EXT_secondary_color GL_EXT_texture_env_add GL_EXT_texture_lod_bias GL_INGR_blend_func_separate GL_NV_blend_square GL_NV_light_max_exponent GL_NV_texgen_reflection GL_NV_texture_env_combine4 GL_SUN_multi_draw_arrays GL_ARB_texture_border_clamp GL_ARB_texture_compression GL_EXT_framebuffer_object GL_EXT_texture_env_combine GL_EXT_texture_env_dot3 GL_MESA_window_pos GL_NV_packed_depth_stencil GL_NV_texture_rectangle GL_ARB_depth_texture GL_ARB_occlusion_query GL_ARB_shadow GL_ARB_texture_env_combine GL_ARB_texture_env_crossbar GL_ARB_texture_env_dot3 GL_ARB_texture_mirrored_repeat GL_ARB_window_pos GL_EXT_stencil_two_side GL_EXT_texture_cube_map GL_NV_fog_distance GL_APPLE_packed_pixels GL_APPLE_vertex_array_object GL_ARB_draw_buffers GL_ARB_fragment_program GL_ARB_fragment_shader GL_ARB_shader_objects GL_ARB_vertex_program GL_ARB_vertex_shader GL_ATI_draw_buffers GL_ATI_texture_env_combine3 GL_ATI_texture_float GL_EXT_shadow_funcs GL_EXT_stencil_wrap GL_MESA_pack_invert GL_MESA_ycbcr_texture GL_NV_primitive_restart GL_ARB_fragment_program_shadow GL_ARB_half_float_pixel GL_ARB_occlusion_query2 GL_ARB_point_sprite GL_ARB_shading_language_100 GL_ARB_sync GL_ARB_texture_non_power_of_two GL_ARB_vertex_buffer_object GL_ATI_blend_equation_separate GL_EXT_blend_equation_separate GL_OES_read_format GL_ARB_color_buffer_float GL_ARB_pixel_buffer_object GL_ARB_texture_compression_rgtc GL_ARB_texture_float GL_ARB_texture_rectangle GL_ATI_texture_compression_3dc GL_EXT_pixel_buffer_object GL_EXT_texture_compression_rgtc GL_EXT_texture_mirror_clamp GL_EXT_texture_rectangle GL_EXT_texture_sRGB GL_EXT_texture_shared_exponent GL_ARB_framebuffer_object GL_EXT_framebuffer_blit GL_EXT_packed_depth_stencil GL_ARB_vertex_array_object GL_ATI_separate_stencil GL_ATI_texture_mirror_once GL_EXT_draw_buffers2 GL_EXT_draw_instanced GL_EXT_gpu_program_parameters GL_EXT_texture_array GL_EXT_texture_compression_latc GL_EXT_texture_integer GL_EXT_texture_sRGB_decode GL_EXT_timer_query GL_OES_EGL_image GL_MESA_texture_array GL_ARB_copy_buffer GL_ARB_draw_instanced GL_ARB_half_float_vertex GL_ARB_instanced_arrays GL_ARB_map_buffer_range GL_ARB_texture_rg GL_ARB_texture_swizzle GL_ARB_vertex_array_bgra GL_EXT_separate_shader_objects GL_EXT_texture_swizzle GL_EXT_vertex_array_bgra GL_NV_conditional_render GL_AMD_draw_buffers_blend GL_ARB_ES2_compatibility GL_ARB_debug_output GL_ARB_draw_buffers_blend GL_ARB_draw_elements_base_vertex GL_ARB_explicit_attrib_location GL_ARB_fragment_coord_conventions GL_ARB_provoking_vertex GL_ARB_sampler_objects GL_ARB_shader_texture_lod GL_ARB_texture_rgb10_a2ui GL_ARB_uniform_buffer_object GL_ARB_vertex_type_2_10_10_10_rev GL_EXT_provoking_vertex GL_EXT_texture_snorm GL_MESA_texture_signed_rgba GL_ARB_get_program_binary GL_ARB_robustness GL_ARB_timer_query GL_ARB_transform_feedback2 GL_ARB_transform_feedback3 GL_ARB_internalformat_query GL_ARB_texture_storage GL_ARB_transform_feedback_instanced GL_EXT_transform_feedback GL_ARB_invalidate_subdata 
20:01:52: Supported GLX extensions: GLX_ARB_get_proc_address GLX_ARB_multisample GLX_EXT_import_context GLX_EXT_visual_info GLX_EXT_visual_rating GLX_MESA_multithread_makecurrent GLX_OML_swap_method GLX_SGI_make_current_read GLX_SGIS_multisample GLX_SGIX_fbconfig GLX_SGIX_pbuffer GLX_EXT_texture_from_pixmap 
20:01:52: ***************************
20:01:52: *** GL Renderer Started ***
20:01:52: ***************************
20:01:52: Registering ResourceManager for type GpuProgram
20:01:52: GLSL support detected
20:01:52: GL: Using GL_EXT_framebuffer_object for rendering to textures (best)
20:01:52: FBO PF_UNKNOWN depth/stencil support: D0S1 D0S4 D0S8 D0S16 D16S0 D24S0 D32S0 Packed-D24S8 
20:01:52: FBO PF_L8 depth/stencil support: D0S0 D0S1 D0S4 D0S8 D0S16 D16S0 D24S0 D32S0 Packed-D24S8 
20:01:52: FBO PF_L16 depth/stencil support: D0S0 D0S1 D0S4 D0S8 D0S16 D16S0 D24S0 D32S0 Packed-D24S8 
20:01:52: FBO PF_A8 depth/stencil support: D0S0 D0S1 D0S4 D0S8 D0S16 D16S0 D24S0 D32S0 Packed-D24S8 
20:01:52: FBO PF_A4L4 depth/stencil support: D0S0 D0S1 D0S4 D0S8 D0S16 D16S0 D24S0 D32S0 Packed-D24S8 
20:01:52: FBO PF_BYTE_LA depth/stencil support: D0S0 D0S1 D0S4 D0S8 D0S16 D16S0 D24S0 D32S0 Packed-D24S8 
20:01:52: FBO PF_R5G6B5 depth/stencil support: D0S0 D0S1 D0S4 D0S8 D0S16 D16S0 D24S0 D32S0 Packed-D24S8 
20:01:52: FBO PF_B5G6R5 depth/stencil support: D0S0 D0S1 D0S4 D0S8 D0S16 D16S0 D24S0 D32S0 Packed-D24S8 
20:01:52: FBO PF_A4R4G4B4 depth/stencil support: D0S0 D0S1 D0S4 D0S8 D0S16 D16S0 D24S0 D32S0 Packed-D24S8 
20:01:52: FBO PF_A1R5G5B5 depth/stencil support: D0S0 D0S1 D0S4 D0S8 D0S16 D16S0 D24S0 D32S0 Packed-D24S8 
20:01:52: FBO PF_R8G8B8 depth/stencil support: D0S0 D0S1 D0S4 D0S8 D0S16 D16S0 D24S0 D32S0 Packed-D24S8 
20:01:52: FBO PF_B8G8R8 depth/stencil support: D0S0 D0S1 D0S4 D0S8 D0S16 D16S0 D24S0 D32S0 Packed-D24S8 
20:01:52: FBO PF_A8R8G8B8 depth/stencil support: D0S0 D0S1 D0S4 D0S8 D0S16 D16S0 D24S0 D32S0 Packed-D24S8 
20:01:52: FBO PF_B8G8R8A8 depth/stencil support: D0S0 D0S1 D0S4 D0S8 D0S16 D16S0 D24S0 D32S0 Packed-D24S8 
20:01:52: FBO PF_A2R10G10B10 depth/stencil support: D0S0 D0S1 D0S4 D0S8 D0S16 D16S0 D24S0 D32S0 Packed-D24S8 
20:01:52: FBO PF_A2B10G10R10 depth/stencil support: D0S0 D0S1 D0S4 D0S8 D0S16 D16S0 D24S0 D32S0 Packed-D24S8 
20:01:52: FBO PF_FLOAT16_RGB depth/stencil support: D0S0 D0S1 D0S4 D0S8 D0S16 D16S0 D24S0 D32S0 Packed-D24S8 
20:01:52: FBO PF_FLOAT16_RGBA depth/stencil support: D0S0 D0S1 D0S4 D0S8 D0S16 D16S0 D24S0 D32S0 Packed-D24S8 
20:01:52: FBO PF_FLOAT32_RGB depth/stencil support: D0S0 D0S1 D0S4 D0S8 D0S16 D16S0 D24S0 D32S0 Packed-D24S8 
20:01:52: FBO PF_FLOAT32_RGBA depth/stencil support: D0S0 D0S1 D0S4 D0S8 D0S16 D16S0 D24S0 D32S0 Packed-D24S8 
20:01:52: FBO PF_X8R8G8B8 depth/stencil support: D0S0 D0S1 D0S4 D0S8 D0S16 D16S0 D24S0 D32S0 Packed-D24S8 
20:01:52: FBO PF_X8B8G8R8 depth/stencil support: D0S0 D0S1 D0S4 D0S8 D0S16 D16S0 D24S0 D32S0 Packed-D24S8 
20:01:52: FBO PF_SHORT_RGBA depth/stencil support: D0S0 D0S1 D0S4 D0S8 D0S16 D16S0 D24S0 D32S0 Packed-D24S8 
20:01:52: FBO PF_R3G3B2 depth/stencil support: D0S0 D0S1 D0S4 D0S8 D0S16 D16S0 D24S0 D32S0 Packed-D24S8 
20:01:52: FBO PF_FLOAT16_R depth/stencil support: D0S0 D0S1 D0S4 D0S8 D0S16 D16S0 D24S0 D32S0 Packed-D24S8 
20:01:52: FBO PF_FLOAT32_R depth/stencil support: D0S0 D0S1 D0S4 D0S8 D0S16 D16S0 D24S0 D32S0 Packed-D24S8 
20:01:52: FBO PF_SHORT_GR depth/stencil support: D0S0 D0S1 D0S4 D0S8 D0S16 D16S0 D24S0 D32S0 Packed-D24S8 
20:01:52: FBO PF_FLOAT16_GR depth/stencil support: D0S0 D0S1 D0S4 D0S8 D0S16 D16S0 D24S0 D32S0 Packed-D24S8 
20:01:52: FBO PF_FLOAT32_GR depth/stencil support: D0S0 D0S1 D0S4 D0S8 D0S16 D16S0 D24S0 D32S0 Packed-D24S8 
20:01:52: FBO PF_SHORT_RGB depth/stencil support: D0S0 D0S1 D0S4 D0S8 D0S16 D16S0 D24S0 D32S0 Packed-D24S8 
20:01:52: [GL] : Valid FBO targets PF_UNKNOWN PF_L8 PF_L16 PF_A8 PF_A4L4 PF_BYTE_LA PF_R5G6B5 PF_B5G6R5 PF_A4R4G4B4 PF_A1R5G5B5 PF_R8G8B8 PF_B8G8R8 PF_A8R8G8B8 PF_B8G8R8A8 PF_A2R10G10B10 PF_A2B10G10R10 PF_FLOAT16_RGB PF_FLOAT16_RGBA PF_FLOAT32_RGB PF_FLOAT32_RGBA PF_X8R8G8B8 PF_X8B8G8R8 PF_SHORT_RGBA PF_R3G3B2 PF_FLOAT16_R PF_FLOAT32_R PF_SHORT_GR PF_FLOAT16_GR PF_FLOAT32_GR PF_SHORT_RGB 
20:01:52: RenderSystem capabilities
20:01:52: -------------------------
20:01:52: RenderSystem Name: OpenGL Rendering Subsystem
20:01:52: GPU Vendor: unknown
20:01:52: Device Name: Gallium 0.4 on llvmpipe (LLVM 3.2, 128 bits)
20:01:52: Driver Version: 2.1.0.0
20:01:52:  * Fixed function pipeline: yes
20:01:52:  * Hardware generation of mipmaps: yes
20:01:52:  * Texture blending: yes
20:01:52:  * Anisotropic texture filtering: no
20:01:52:  * Dot product texture operation: yes
20:01:52:  * Cube mapping: yes
20:01:52:  * Hardware stencil buffer: yes
20:01:52:    - Stencil depth: 8
20:01:52:    - Two sided stencil support: yes
20:01:52:    - Wrap stencil values: yes
20:01:52:  * Hardware vertex / index buffers: yes
20:01:52:  * Vertex programs: yes
20:01:52:  * Number of floating-point constants for vertex programs: 4096
20:01:52:  * Number of integer constants for vertex programs: 0
20:01:52:  * Number of boolean constants for vertex programs: 0
20:01:52:  * Fragment programs: yes
20:01:52:  * Number of floating-point constants for fragment programs: 4096
20:01:52:  * Number of integer constants for fragment programs: 0
20:01:52:  * Number of boolean constants for fragment programs: 0
20:01:52:  * Geometry programs: no
20:01:52:  * Number of floating-point constants for geometry programs: 0
20:01:52:  * Number of integer constants for geometry programs: 0
20:01:52:  * Number of boolean constants for geometry programs: 0
20:01:52:  * Supported Shader Profiles: arbfp1 arbvp1 glsl
20:01:52:  * Texture Compression: yes
20:01:52:    - DXT: no
20:01:52:    - VTC: no
20:01:52:    - PVRTC: no
20:01:52:  * Scissor Rectangle: yes
20:01:52:  * Hardware Occlusion Query: yes
20:01:52:  * User clip planes: yes
20:01:52:  * VET_UBYTE4 vertex element type: yes
20:01:52:  * Infinite far plane projection: yes
20:01:52:  * Hardware render-to-texture: yes
20:01:52:  * Floating point textures: yes
20:01:52:  * Non-power-of-two textures: yes
20:01:52:  * Volume textures: yes
20:01:52:  * Multiple Render Targets: 8
20:01:52:    - With different bit depths: yes
20:01:52:  * Point Sprites: yes
20:01:52:  * Extended point parameters: yes
20:01:52:  * Max Point Size: 255
20:01:52:  * Vertex texture fetch: yes
20:01:52:  * Number of world matrices: 0
20:01:52:  * Number of texture units: 16
20:01:52:  * Stencil buffer depth: 8
20:01:52:  * Number of vertex blend matrices: 0
20:01:52:    - Max vertex textures: 16
20:01:52:    - Vertex textures shared: yes
20:01:52:  * Render to Vertex Buffer : no
20:01:52:  * GL 1.5 without VBO workaround: no
20:01:52:  * Frame Buffer objects: yes
20:01:52:  * Frame Buffer objects (ARB extension): no
20:01:52:  * Frame Buffer objects (ATI extension): no
20:01:52:  * PBuffer support: yes
20:01:52:  * GL 1.5 without HW-occlusion workaround: no
20:01:52: Registering ResourceManager for type Texture
20:01:52: DefaultWorkQueue('Root') initialising on thread 0x30a4290.
20:01:52: Particle Renderer Type 'billboard' registered
20:01:52: SceneManagerFactory for type 'OctreeSceneManager' registered.
20:01:52: SceneManagerFactory for type 'TerrainSceneManager' registered.
20:01:52: DefaultWorkQueue('Root')::WorkerFunc - thread 0x32cd640 starting.
20:01:52: Creating resource group rviz
20:01:52: Added resource location '/opt/ros/hydro/share/rviz/ogre_media' of type 'FileSystem' to resource group 'rviz'
20:01:52: Added resource location '/opt/ros/hydro/share/rviz/ogre_media/textures' of type 'FileSystem' to resource group 'rviz'
20:01:52: Added resource location '/opt/ros/hydro/share/rviz/ogre_media/fonts' of type 'FileSystem' to resource group 'rviz'
20:01:52: Added resource location '/opt/ros/hydro/share/rviz/ogre_media/models' of type 'FileSystem' to resource group 'rviz'
20:01:52: Added resource location '/opt/ros/hydro/share/rviz/ogre_media/materials' of type 'FileSystem' to resource group 'rviz'
20:01:52: Added resource location '/opt/ros/hydro/share/rviz/ogre_media/materials/scripts' of type 'FileSystem' to resource group 'rviz'
20:01:52: Added resource location '/opt/ros/hydro/share/rviz/ogre_media/materials/glsl120' of type 'FileSystem' to resource group 'rviz'
20:01:52: Added resource location '/opt/ros/hydro/share/rviz/ogre_media/materials/glsl120/nogp' of type 'FileSystem' to resource group 'rviz'
20:01:52: Added resource location '/opt/ros/hydro/share/rviz/ogre_media/materials/scripts120' of type 'FileSystem' to resource group 'rviz'
20:01:52: Parsing scripts for resource group Autodetect
20:01:52: Finished parsing scripts for resource group Autodetect
20:01:52: Parsing scripts for resource group General
20:01:52: Finished parsing scripts for resource group General
20:01:52: Parsing scripts for resource group Internal
20:01:52: Finished parsing scripts for resource group Internal
20:01:52: Parsing scripts for resource group rviz
20:01:52: Parsing script glsl120.program
20:01:52: GLSL compiled : rviz/glsl120/include/pack_depth.frag
20:01:52: GLSL compiled : rviz/glsl120/include/circle_impl.frag
20:01:52: GLSL compiled : rviz/glsl120/depth_circle.frag
20:01:52: GLSL compiled : rviz/glsl120/include/pack_depth.frag
20:01:52: GLSL compiled : rviz/glsl120/depth.frag
20:01:52: GLSL compiled : rviz/glsl120/include/pass_depth.vert
20:01:52: GLSL compiled : rviz/glsl120/depth.vert
20:01:52: GLSL compiled : rviz/glsl120/flat_color.frag
20:01:52: GLSL compiled : rviz/glsl120/include/circle_impl.frag
20:01:52: GLSL compiled : rviz/glsl120/flat_color_circle.frag
20:01:52: GLSL compiled : rviz/glsl120/indexed_8bit_image.frag
20:01:52: GLSL compiled : rviz/glsl120/include/circle_impl.frag
20:01:52: GLSL compiled : rviz/glsl120/include/circle_impl.frag
20:01:52: GLSL compiled : rviz/glsl120/pickcolor_circle.frag
20:01:52: GLSL compiled : rviz/glsl120/pickcolor.frag
20:01:52: GLSL compiled : rviz/glsl120/point.vert
20:01:52: GLSL compiled : rviz/glsl120/include/pass_depth.vert
20:01:52: GLSL compiled : rviz/glsl120/point.vert(with_depth)
20:01:52: GLSL compiled : rviz/glsl120/shaded_circle.frag
20:01:52: GLSL compiled : rviz/glsl120/smooth_square.frag
20:01:52: Parsing script nogp.program
20:01:52: GLSL compiled : rviz/glsl120/nogp/billboard_tile.vert
20:01:52: GLSL compiled : rviz/glsl120/include/pass_depth.vert
20:01:52: GLSL compiled : rviz/glsl120/nogp/billboard_tile.vert(with_depth)
20:01:52: GLSL compiled : rviz/glsl120/nogp/billboard.vert
20:01:52: GLSL compiled : rviz/glsl120/include/pass_depth.vert
20:01:52: GLSL compiled : rviz/glsl120/nogp/billboard.vert(with_depth)
20:01:52: GLSL compiled : rviz/glsl120/nogp/box.vert
20:01:52: GLSL compiled : rviz/glsl120/include/pass_depth.vert
20:01:52: GLSL compiled : rviz/glsl120/nogp/box.vert(with_depth)
20:01:52: GLSL compiled : rviz/glsl120/nogp/box.frag
20:01:52: Parsing script point_cloud_tile.material
20:01:52: GLSL compiled : rviz/glsl120/pass_color.frag
20:01:52: Parsing script point_cloud_point.material
20:01:52: GLSL compiled : rviz/glsl120/pass_color_circle.frag
20:01:52: Parsing script indexed_8bit_image.material
20:01:52: GLSL compiled : rviz/glsl120/indexed_8bit_image.vert
20:01:52: Parsing script default_pick_and_depth.material
20:01:52: GLSL compiled : rviz/glsl120/black.frag
20:01:52: Parsing script point_cloud_flat_square.material
20:01:52: Parsing script point_cloud_box.material
20:01:52: Parsing script point_cloud_sphere.material
20:01:52: Parsing script point_cloud_square.material
20:01:52: Parsing script arial.fontdef
20:01:52: Finished parsing scripts for resource group rviz
20:01:52: GLRenderSystem::_createRenderWindow "OgreWindow(1)", 100x30 windowed  miscParams: externalGLControl= macAPI=carbon parentWindowHandle=48234572 
20:01:52: GLXWindow::create used FBConfigID = 111
20:01:53: Mesh: Loading rviz_sphere.mesh.
20:01:53: Texture: SelectionRect0Texture: Loading 1 faces(PF_R8G8B8A8,1x1x1) with  hardware generated mipmaps from Image. Internal format is PF_A8R8G8B8,1x1x1.
20:01:54: Mesh: Loading rviz_cylinder.mesh.
20:01:54: Mesh: Loading rviz_cone.mesh.
20:02:30: GLSL link result : 
